<?xml version="1.0" encoding="UTF-8"?>
<!-- Generated by org.testng.reporters.JUnitReportReporter -->
<testsuite skipped="0" hostname="ImranS" name="automatedScripts.LoginModule" tests="1" failures="0" timestamp="20 Jun 2018 11:05:24 GMT" time="47.754" errors="0">
  <testcase name="sn_1" time="47.754" classname="automatedScripts.LoginModule"/>
</testsuite> <!-- automatedScripts.LoginModule -->
